<?xml version="1.0" encoding="UTF-8"?>
<!-- Generated by org.testng.reporters.JUnitXMLReporter -->
<testsuite ignored="0" hostname="LAPTOP-JCB5BQHC" failures="0" tests="4" name="Practice" time="0.075" errors="0" timestamp="2026-03-02T14:26:53 GMT">
  <testcase classname="projects.Firstframework" name="Test" time="0.013"/>
  <testcase classname="projects.Firstframework" name="Test1" time="0.002"/>
  <testcase classname="projects.Firstframework" name="Test2" time="0.001"/>
  <testcase classname="projects.secondscript" name="Secondscript" time="0.002"/>
</testsuite> <!-- Practice -->
