<?xml version="1.0" encoding="UTF-8"?>
<testng-results ignored="0" total="1" passed="1" failed="0" skipped="0">
  <reporter-output>
  </reporter-output>
  <suite started-at="2026-03-02T11:52:25 GMT" name="Default suite" finished-at="2026-03-02T11:52:25 GMT" duration-ms="67">
    <groups>
    </groups>
    <test started-at="2026-03-02T11:52:25 GMT" name="Default test" finished-at="2026-03-02T11:52:25 GMT" duration-ms="67">
      <class name="Java.Firstframework">
        <test-method signature="Test()[pri:0, instance:Java.Firstframework@31d7b7bf]" started-at="2026-03-02T11:52:25 GMT" name="Test" finished-at="2026-03-02T11:52:25 GMT" duration-ms="15" status="PASS">
          <reporter-output>
          </reporter-output>
        </test-method> <!-- Test -->
      </class> <!-- Java.Firstframework -->
    </test> <!-- Default test -->
  </suite> <!-- Default suite -->
</testng-results>
