<?xml version="1.0" encoding="UTF-8"?>
<testng-results ignored="0" total="2" passed="2" failed="0" skipped="0">
  <reporter-output>
  </reporter-output>
  <suite started-at="2026-03-02T15:25:08 GMT" name="Default suite" finished-at="2026-03-02T15:25:11 GMT" duration-ms="2873">
    <groups>
    </groups>
    <test started-at="2026-03-02T15:25:08 GMT" name="Default test" finished-at="2026-03-02T15:25:11 GMT" duration-ms="2873">
      <class name="projects.Loginpage">
        <test-method signature="Password()[pri:0, instance:projects.Loginpage@58be6e8]" started-at="2026-03-02T15:25:08 GMT" name="Password" finished-at="2026-03-02T15:25:10 GMT" duration-ms="2219" status="PASS">
          <reporter-output>
          </reporter-output>
        </test-method> <!-- Password -->
        <test-method signature="Username()[pri:0, instance:projects.Loginpage@58be6e8]" started-at="2026-03-02T15:25:10 GMT" name="Username" finished-at="2026-03-02T15:25:11 GMT" duration-ms="596" status="PASS">
          <reporter-output>
          </reporter-output>
        </test-method> <!-- Username -->
      </class> <!-- projects.Loginpage -->
    </test> <!-- Default test -->
  </suite> <!-- Default suite -->
</testng-results>
