<?xml version="1.0" encoding="UTF-8"?>
<!-- Generated by org.testng.reporters.JUnitReportReporter -->
<testsuite hostname="LAPTOP-JCB5BQHC" failures="0" tests="3" name="Java.Firstframework" time="0.017" errors="0" timestamp="2026-03-02T14:04:52 GMT" skipped="0">
  <testcase classname="Java.Firstframework" name="Test1" time="0.002"/>
  <testcase classname="Java.Firstframework" name="Test" time="0.013"/>
  <testcase classname="Java.Firstframework" name="Test2" time="0.002"/>
</testsuite> <!-- Java.Firstframework -->
